<?xml version="1.0" encoding="UTF-8"?>
<!-- Generated by org.testng.reporters.JUnitReportReporter -->
<testsuite skipped="0" hostname="DESKTOP-SB473LA" name="TotalPriceValidation" tests="1" failures="0" timestamp="13 Jun 2021 10:28:59 GMT" time="3.453" errors="0">
  <testcase name="PriceValidation" time="3.453" classname="TotalPriceValidation"/>
</testsuite> <!-- TotalPriceValidation -->
