<?xml version="1.0" encoding="UTF-8"?>
<!-- Generated by org.testng.reporters.JUnitReportReporter -->
<testsuite skipped="0" hostname="DESKTOP-SB473LA" name="AddbookLIBusingHASHMAP" tests="1" failures="0" timestamp="14 Aug 2021 04:02:13 GMT" time="10.424" errors="0">
  <testcase name="Addbook" time="10.424" classname="AddbookLIBusingHASHMAP"/>
</testsuite> <!-- AddbookLIBusingHASHMAP -->
