<?xml version="1.0" encoding="UTF-8"?>
<!-- Generated by org.testng.reporters.JUnitReportReporter -->
<testsuite skipped="0" hostname="DESKTOP-SB473LA" name="LibraryAddbook" tests="3" failures="0" timestamp="13 Jun 2021 11:42:50 GMT" time="5.640" errors="0">
  <testcase name="Addbook" time="0.494" classname="LibraryAddbook"/>
  <testcase name="Addbook" time="0.496" classname="LibraryAddbook"/>
  <testcase name="Addbook" time="4.650" classname="LibraryAddbook"/>
</testsuite> <!-- LibraryAddbook -->
